{"/home/ari/workspace/training/generacion-k/ariane.jurado/ghibli/films.js": {"path":"/home/ari/workspace/training/generacion-k/ariane.jurado/ghibli/films.js","statementMap":{"0":{"start":{"line":4,"column":4},"end":{"line":6,"column":27}},"1":{"start":{"line":5,"column":17},"end":{"line":5,"column":20}},"2":{"start":{"line":6,"column":20},"end":{"line":6,"column":25}}},"fnMap":{"0":{"name":"getFilms","decl":{"start":{"line":3,"column":16},"end":{"line":3,"column":24}},"loc":{"start":{"line":3,"column":32},"end":{"line":7,"column":1}},"line":3},"1":{"name":"(anonymous_1)","decl":{"start":{"line":5,"column":10},"end":{"line":5,"column":11}},"loc":{"start":{"line":5,"column":17},"end":{"line":5,"column":20}},"line":5},"2":{"name":"(anonymous_2)","decl":{"start":{"line":6,"column":11},"end":{"line":6,"column":12}},"loc":{"start":{"line":6,"column":20},"end":{"line":6,"column":25}},"line":6}},"branchMap":{},"s":{"0":2,"1":1,"2":1},"f":{"0":2,"1":1,"2":1},"b":{},"_coverageSchema":"43e27e138ebf9cfc5966b082cf9a028302ed4184","hash":"b80530838c56a8863af8fe8720f49d564dc8e3fb"}
,"/home/ari/workspace/training/generacion-k/ariane.jurado/ghibli/images.js": {"path":"/home/ari/workspace/training/generacion-k/ariane.jurado/ghibli/images.js","statementMap":{"0":{"start":{"line":3,"column":22},"end":{"line":21,"column":1}}},"fnMap":{},"branchMap":{},"s":{"0":2},"f":{},"b":{},"_coverageSchema":"43e27e138ebf9cfc5966b082cf9a028302ed4184","hash":"52bf714327f08c3af9feb866604c9e211f925c7c"}
,"/home/ari/workspace/training/generacion-k/ariane.jurado/ghibli/index.js": {"path":"/home/ari/workspace/training/generacion-k/ariane.jurado/ghibli/index.js","statementMap":{"0":{"start":{"line":6,"column":18},"end":{"line":6,"column":47}},"1":{"start":{"line":7,"column":14},"end":{"line":7,"column":46}},"2":{"start":{"line":9,"column":28},"end":{"line":9,"column":30}},"3":{"start":{"line":11,"column":22},"end":{"line":20,"column":1}},"4":{"start":{"line":12,"column":20},"end":{"line":12,"column":54}},"5":{"start":{"line":13,"column":4},"end":{"line":13,"column":37}},"6":{"start":{"line":15,"column":4},"end":{"line":17,"column":5}},"7":{"start":{"line":16,"column":9},"end":{"line":16,"column":39}},"8":{"start":{"line":19,"column":4},"end":{"line":19,"column":33}},"9":{"start":{"line":22,"column":32},"end":{"line":40,"column":1}},"10":{"start":{"line":24,"column":4},"end":{"line":24,"column":43}},"11":{"start":{"line":25,"column":4},"end":{"line":37,"column":5}},"12":{"start":{"line":26,"column":19},"end":{"line":26,"column":47}},"13":{"start":{"line":27,"column":8},"end":{"line":27,"column":37}},"14":{"start":{"line":28,"column":28},"end":{"line":28,"column":56}},"15":{"start":{"line":29,"column":23},"end":{"line":29,"column":53}},"16":{"start":{"line":30,"column":20},"end":{"line":30,"column":49}},"17":{"start":{"line":31,"column":8},"end":{"line":31,"column":50}},"18":{"start":{"line":32,"column":8},"end":{"line":32,"column":47}},"19":{"start":{"line":33,"column":8},"end":{"line":33,"column":28}},"20":{"start":{"line":34,"column":8},"end":{"line":34,"column":39}},"21":{"start":{"line":35,"column":8},"end":{"line":35,"column":35}},"22":{"start":{"line":36,"column":8},"end":{"line":36,"column":28}},"23":{"start":{"line":43,"column":27},"end":{"line":47,"column":1}},"24":{"start":{"line":44,"column":17},"end":{"line":44,"column":35}},"25":{"start":{"line":45,"column":4},"end":{"line":45,"column":31}},"26":{"start":{"line":46,"column":4},"end":{"line":46,"column":19}},"27":{"start":{"line":49,"column":36},"end":{"line":55,"column":1}},"28":{"start":{"line":50,"column":4},"end":{"line":53,"column":7}},"29":{"start":{"line":51,"column":8},"end":{"line":51,"column":40}},"30":{"start":{"line":52,"column":8},"end":{"line":52,"column":40}},"31":{"start":{"line":56,"column":30},"end":{"line":60,"column":1}},"32":{"start":{"line":58,"column":4},"end":{"line":58,"column":34}},"33":{"start":{"line":62,"column":28},"end":{"line":64,"column":1}},"34":{"start":{"line":63,"column":4},"end":{"line":63,"column":22}},"35":{"start":{"line":68,"column":4},"end":{"line":68,"column":80}},"36":{"start":{"line":68,"column":39},"end":{"line":68,"column":79}},"37":{"start":{"line":72,"column":34},"end":{"line":77,"column":1}},"38":{"start":{"line":74,"column":8},"end":{"line":74,"column":20}},"39":{"start":{"line":75,"column":8},"end":{"line":75,"column":34}},"40":{"start":{"line":79,"column":34},"end":{"line":84,"column":1}},"41":{"start":{"line":80,"column":4},"end":{"line":83,"column":1}},"42":{"start":{"line":81,"column":20},"end":{"line":81,"column":60}},"43":{"start":{"line":82,"column":4},"end":{"line":82,"column":49}},"44":{"start":{"line":82,"column":25},"end":{"line":82,"column":47}},"45":{"start":{"line":87,"column":25},"end":{"line":92,"column":1}},"46":{"start":{"line":88,"column":24},"end":{"line":88,"column":63}},"47":{"start":{"line":89,"column":4},"end":{"line":91,"column":6}},"48":{"start":{"line":90,"column":8},"end":{"line":90,"column":25}},"49":{"start":{"line":94,"column":0},"end":{"line":98,"column":1}},"50":{"start":{"line":95,"column":4},"end":{"line":97,"column":7}},"51":{"start":{"line":96,"column":8},"end":{"line":96,"column":33}},"52":{"start":{"line":102,"column":0},"end":{"line":102,"column":9}}},"fnMap":{"0":{"name":"(anonymous_0)","decl":{"start":{"line":11,"column":22},"end":{"line":11,"column":23}},"loc":{"start":{"line":11,"column":28},"end":{"line":20,"column":1}},"line":11},"1":{"name":"(anonymous_1)","decl":{"start":{"line":22,"column":32},"end":{"line":22,"column":33}},"loc":{"start":{"line":22,"column":59},"end":{"line":40,"column":1}},"line":22},"2":{"name":"(anonymous_2)","decl":{"start":{"line":43,"column":27},"end":{"line":43,"column":28}},"loc":{"start":{"line":43,"column":39},"end":{"line":47,"column":1}},"line":43},"3":{"name":"(anonymous_3)","decl":{"start":{"line":49,"column":36},"end":{"line":49,"column":37}},"loc":{"start":{"line":49,"column":46},"end":{"line":55,"column":1}},"line":49},"4":{"name":"(anonymous_4)","decl":{"start":{"line":50,"column":17},"end":{"line":50,"column":18}},"loc":{"start":{"line":50,"column":28},"end":{"line":53,"column":5}},"line":50},"5":{"name":"(anonymous_5)","decl":{"start":{"line":56,"column":30},"end":{"line":56,"column":31}},"loc":{"start":{"line":56,"column":36},"end":{"line":60,"column":1}},"line":56},"6":{"name":"(anonymous_6)","decl":{"start":{"line":62,"column":28},"end":{"line":62,"column":29}},"loc":{"start":{"line":62,"column":34},"end":{"line":64,"column":1}},"line":62},"7":{"name":"filterByTitle","decl":{"start":{"line":66,"column":16},"end":{"line":66,"column":29}},"loc":{"start":{"line":66,"column":52},"end":{"line":70,"column":1}},"line":66},"8":{"name":"(anonymous_8)","decl":{"start":{"line":68,"column":31},"end":{"line":68,"column":32}},"loc":{"start":{"line":68,"column":39},"end":{"line":68,"column":79}},"line":68},"9":{"name":"(anonymous_9)","decl":{"start":{"line":72,"column":34},"end":{"line":72,"column":35}},"loc":{"start":{"line":72,"column":45},"end":{"line":77,"column":1}},"line":72},"10":{"name":"(anonymous_10)","decl":{"start":{"line":79,"column":34},"end":{"line":79,"column":35}},"loc":{"start":{"line":79,"column":40},"end":{"line":84,"column":1}},"line":79},"11":{"name":"(anonymous_11)","decl":{"start":{"line":82,"column":16},"end":{"line":82,"column":17}},"loc":{"start":{"line":82,"column":24},"end":{"line":82,"column":48}},"line":82},"12":{"name":"(anonymous_12)","decl":{"start":{"line":87,"column":25},"end":{"line":87,"column":26}},"loc":{"start":{"line":87,"column":31},"end":{"line":92,"column":1}},"line":87},"13":{"name":"(anonymous_13)","decl":{"start":{"line":89,"column":24},"end":{"line":89,"column":25}},"loc":{"start":{"line":89,"column":35},"end":{"line":91,"column":5}},"line":89},"14":{"name":"(anonymous_14)","decl":{"start":{"line":95,"column":36},"end":{"line":95,"column":37}},"loc":{"start":{"line":95,"column":47},"end":{"line":97,"column":5}},"line":95}},"branchMap":{"0":{"loc":{"start":{"line":15,"column":4},"end":{"line":17,"column":5}},"type":"if","locations":[{"start":{"line":15,"column":4},"end":{"line":17,"column":5}},{"start":{"line":15,"column":4},"end":{"line":17,"column":5}}],"line":15},"1":{"loc":{"start":{"line":22,"column":33},"end":{"line":22,"column":48}},"type":"default-arg","locations":[{"start":{"line":22,"column":41},"end":{"line":22,"column":48}}],"line":22},"2":{"loc":{"start":{"line":25,"column":4},"end":{"line":37,"column":5}},"type":"if","locations":[{"start":{"line":25,"column":4},"end":{"line":37,"column":5}},{"start":{"line":25,"column":4},"end":{"line":37,"column":5}}],"line":25},"3":{"loc":{"start":{"line":80,"column":4},"end":{"line":83,"column":1}},"type":"if","locations":[{"start":{"line":80,"column":4},"end":{"line":83,"column":1}},{"start":{"line":80,"column":4},"end":{"line":83,"column":1}}],"line":80},"4":{"loc":{"start":{"line":94,"column":0},"end":{"line":98,"column":1}},"type":"if","locations":[{"start":{"line":94,"column":0},"end":{"line":98,"column":1}},{"start":{"line":94,"column":0},"end":{"line":98,"column":1}}],"line":94}},"s":{"0":1,"1":1,"2":1,"3":1,"4":2,"5":2,"6":2,"7":1,"8":2,"9":1,"10":1,"11":1,"12":1,"13":1,"14":1,"15":1,"16":1,"17":1,"18":1,"19":1,"20":1,"21":1,"22":1,"23":1,"24":1,"25":1,"26":0,"27":1,"28":1,"29":0,"30":0,"31":1,"32":1,"33":1,"34":1,"35":1,"36":3,"37":1,"38":1,"39":1,"40":1,"41":3,"42":0,"43":0,"44":0,"45":1,"46":2,"47":2,"48":1,"49":1,"50":0,"51":0,"52":1},"f":{"0":2,"1":1,"2":1,"3":1,"4":0,"5":1,"6":1,"7":1,"8":3,"9":1,"10":3,"11":0,"12":2,"13":1,"14":0},"b":{"0":[1,1],"1":[0],"2":[1,0],"3":[0,3],"4":[0,1]},"_coverageSchema":"43e27e138ebf9cfc5966b082cf9a028302ed4184","hash":"93ce815d2bc18731039ee27764cf70e49f69300c"}
,"/home/ari/workspace/training/generacion-k/ariane.jurado/ghibli/randomNumber.js": {"path":"/home/ari/workspace/training/generacion-k/ariane.jurado/ghibli/randomNumber.js","statementMap":{"0":{"start":{"line":5,"column":4},"end":{"line":5,"column":53}}},"fnMap":{"0":{"name":"randomNumber","decl":{"start":{"line":3,"column":24},"end":{"line":3,"column":36}},"loc":{"start":{"line":3,"column":39},"end":{"line":7,"column":1}},"line":3}},"branchMap":{},"s":{"0":2},"f":{"0":2},"b":{},"_coverageSchema":"43e27e138ebf9cfc5966b082cf9a028302ed4184","hash":"534795685427f4fcfdea049d0954ec92bd7cae21"}
,"/home/ari/workspace/training/generacion-k/ariane.jurado/ghibli/fixtures/dataFixture.js": {"path":"/home/ari/workspace/training/generacion-k/ariane.jurado/ghibli/fixtures/dataFixture.js","statementMap":{"0":{"start":{"line":1,"column":24},"end":{"line":24,"column":1}}},"fnMap":{},"branchMap":{},"s":{"0":1},"f":{},"b":{},"_coverageSchema":"43e27e138ebf9cfc5966b082cf9a028302ed4184","hash":"1f24bbbd895fecb593f548396d35c5caccb9adff"}
,"/home/ari/workspace/training/generacion-k/ariane.jurado/ghibli/fixtures/listFixture.js": {"path":"/home/ari/workspace/training/generacion-k/ariane.jurado/ghibli/fixtures/listFixture.js","statementMap":{"0":{"start":{"line":1,"column":24},"end":{"line":1,"column":269}}},"fnMap":{},"branchMap":{},"s":{"0":1},"f":{},"b":{},"_coverageSchema":"43e27e138ebf9cfc5966b082cf9a028302ed4184","hash":"8b3efddc63eb8c211ed6ab5496fe16a03d7c7959"}
}
