TN:
SF:/home/ari/workspace/training/generacion-k/ariane.jurado/ghibli/films.js
FN:3,getFilms
FN:5,(anonymous_1)
FN:6,(anonymous_2)
FNF:3
FNH:3
FNDA:2,getFilms
FNDA:1,(anonymous_1)
FNDA:1,(anonymous_2)
DA:4,2
DA:5,1
DA:6,1
LF:3
LH:3
BRF:0
BRH:0
end_of_record
TN:
SF:/home/ari/workspace/training/generacion-k/ariane.jurado/ghibli/images.js
FNF:0
FNH:0
DA:3,2
LF:1
LH:1
BRF:0
BRH:0
end_of_record
TN:
SF:/home/ari/workspace/training/generacion-k/ariane.jurado/ghibli/index.js
FN:11,(anonymous_0)
FN:22,(anonymous_1)
FN:43,(anonymous_2)
FN:49,(anonymous_3)
FN:50,(anonymous_4)
FN:56,(anonymous_5)
FN:62,(anonymous_6)
FN:66,filterByTitle
FN:68,(anonymous_8)
FN:72,(anonymous_9)
FN:79,(anonymous_10)
FN:82,(anonymous_11)
FN:87,(anonymous_12)
FN:89,(anonymous_13)
FN:95,(anonymous_14)
FNF:15
FNH:12
FNDA:2,(anonymous_0)
FNDA:1,(anonymous_1)
FNDA:1,(anonymous_2)
FNDA:1,(anonymous_3)
FNDA:0,(anonymous_4)
FNDA:1,(anonymous_5)
FNDA:1,(anonymous_6)
FNDA:1,filterByTitle
FNDA:3,(anonymous_8)
FNDA:1,(anonymous_9)
FNDA:3,(anonymous_10)
FNDA:0,(anonymous_11)
FNDA:2,(anonymous_12)
FNDA:1,(anonymous_13)
FNDA:0,(anonymous_14)
DA:6,1
DA:7,1
DA:9,1
DA:11,1
DA:12,2
DA:13,2
DA:15,2
DA:16,1
DA:19,2
DA:22,1
DA:24,1
DA:25,1
DA:26,1
DA:27,1
DA:28,1
DA:29,1
DA:30,1
DA:31,1
DA:32,1
DA:33,1
DA:34,1
DA:35,1
DA:36,1
DA:43,1
DA:44,1
DA:45,1
DA:46,0
DA:49,1
DA:50,1
DA:51,0
DA:52,0
DA:56,1
DA:58,1
DA:62,1
DA:63,1
DA:68,3
DA:72,1
DA:74,1
DA:75,1
DA:79,1
DA:80,3
DA:81,0
DA:82,0
DA:87,1
DA:88,2
DA:89,2
DA:90,1
DA:94,1
DA:95,0
DA:96,0
DA:102,1
LF:51
LH:44
BRDA:15,0,0,1
BRDA:15,0,1,1
BRDA:22,1,0,0
BRDA:25,2,0,1
BRDA:25,2,1,0
BRDA:80,3,0,0
BRDA:80,3,1,3
BRDA:94,4,0,0
BRDA:94,4,1,1
BRF:9
BRH:5
end_of_record
TN:
SF:/home/ari/workspace/training/generacion-k/ariane.jurado/ghibli/randomNumber.js
FN:3,randomNumber
FNF:1
FNH:1
FNDA:2,randomNumber
DA:5,2
LF:1
LH:1
BRF:0
BRH:0
end_of_record
TN:
SF:/home/ari/workspace/training/generacion-k/ariane.jurado/ghibli/fixtures/dataFixture.js
FNF:0
FNH:0
DA:1,1
LF:1
LH:1
BRF:0
BRH:0
end_of_record
TN:
SF:/home/ari/workspace/training/generacion-k/ariane.jurado/ghibli/fixtures/listFixture.js
FNF:0
FNH:0
DA:1,1
LF:1
LH:1
BRF:0
BRH:0
end_of_record
